C51 COMPILER V9.60.0.0   DELAY_LIB                                                         10/15/2021 15:57:16 PAGE 1   


C51 COMPILER V9.60.0.0, COMPILATION OF MODULE DELAY_LIB
OBJECT MODULE PLACED IN Delay_lib.OBJ
COMPILER INVOKED BY: C:\Keil_v5\C51\BIN\C51.EXE Delay_lib.c OPTIMIZE(8,SPEED) BROWSE DEBUG OBJECTEXTEND PRINT(.\Listings
                    -\Delay_lib.lst) TABS(2)

line level    source

   1          #include <intrins.h>
   2          #include "Delay_lib.h"
   3          
   4          void delay(unsigned long _time){
   5   1      //  _time = _time * 20;
   6   1        while (_time != 0) {
   7   2          _time--;
   8   2          _nop_();
   9   2          _nop_();
  10   2          _nop_();
  11   2          _nop_();
  12   2          _nop_();
  13   2          _nop_();    
  14   2        }
  15   1      }


MODULE INFORMATION:   STATIC OVERLAYABLE
   CODE SIZE        =     60    ----
   CONSTANT SIZE    =   ----    ----
   XDATA SIZE       =   ----    ----
   PDATA SIZE       =   ----    ----
   DATA SIZE        =   ----       4
   IDATA SIZE       =   ----    ----
   BIT SIZE         =   ----    ----
END OF MODULE INFORMATION.


C51 COMPILATION COMPLETE.  0 WARNING(S),  0 ERROR(S)
