C51 COMPILER V9.60.0.0   MAIN                                                              10/15/2021 15:57:15 PAGE 1   


C51 COMPILER V9.60.0.0, COMPILATION OF MODULE MAIN
OBJECT MODULE PLACED IN main.OBJ
COMPILER INVOKED BY: C:\Keil_v5\C51\BIN\C51.EXE main.c OPTIMIZE(8,SPEED) BROWSE DEBUG OBJECTEXTEND PRINT(.\Listings\main
                    -.lst) TABS(2)

line level    source

   1          #include <REG52.H>                /* special function register declarations   */
   2          #include <stdio.h>                /* prototype declarations for I/O functions */
   3          #include <string.h>
   4          #include <ctype.h>
   5          #include <intrins.h>
   6          
   7          #include "ILI9163_lib.h"
   8          #include "Delay_lib.h"
   9          #include "Colors.h"
  10          
  11          
  12          int sel = 9,
  13              print = 0,
  14              offset = 0;
  15          unsigned int  i = 0, 
  16                        j = 0,
  17                        k = 0;
  18          unsigned long msec = 0,
  19                        sec = 0;
  20          unsigned int count = 15;    /* 15,25 times is correct */
  21          color col;
  22          
  23          
  24          void T0Isr(void) interrupt 1 using 1 {
  25   1        TF0 = 0;
  26   1            count --;
  27   1            if (count == 0) {
  28   2              count = 100;
  29   2              sec ++;
  30   2            }
  31   1            TH0 = 0xFC;
  32   1            TL0 = 0x17;
  33   1      }
  34          /*
  35          void putc (unsigned char s1){
  36            SBUF = s1;
  37            while (!TI);
  38            TI=0;
  39          }
  40          
  41          
  42          void UARTInt (void) interrupt 4{
  43            if (RI) {
  44              RI = 0;
  45              print = 1;
  46            }   
  47          }
  48          
  49          void ReadNByte(unsigned int _cmd, unsigned int _n){
  50            printf("command : %x\n", _cmd);
  51            LCD_sendCmd(_cmd & 0xFF, 1);
  52            for (i = 0; i < (_n-1); i++){
  53              LCD_data = LCD_readData(1);
  54              printf("%x\n", LCD_data);
C51 COMPILER V9.60.0.0   MAIN                                                              10/15/2021 15:57:15 PAGE 2   

  55            }
  56            LCD_data = LCD_readData(0);
  57            printf("%x\n", LCD_data);
  58            printf("command end\n");
  59          }
  60          */
  61          
  62          void main (void) {
  63   1        
  64   1      //  SCON  = 0x50;             /* SCON: mode 1, 8-bit UART, enable rcvr      */
  65   1        TMOD |= 0x21;               /* TMOD: timer 1, mode 2, 8-bit reload , timer 0 ...       */
  66   1      //  TH1   = 230;                /* TH1:  reload value for 1200 baud @ 16MHz  (221) */
  67   1      //  TR1   = 1;                  /* TR1:  timer 1 run                          */
  68   1      //  TI    = 1;                  /* TI:   set TI to send first char of UART    */
  69   1      //  RI    = 0;
  70   1      //  IE    =  0x90;
  71   1        TH0 = 0;
  72   1        TL0 = 0;
  73   1        TR0 = 1;                  /*start TIMER0*/
  74   1        
  75   1        
  76   1        IE = 0x81;          //enable interrupt timer 0*/
  77   1        
  78   1        LCD_Init();
  79   1      //--------------------------  
  80   1      /*  col.red = 0x00;
  81   1        col.green = 0x00;
  82   1        col.blue = 0xFF;*/
  83   1        col = RED;
  84   1        
  85   1        while(1){
  86   2      /*    for (j = 0; j < 5; j++){
  87   2            for (i = 0; i < 7; i++){
  88   2              if (i+j*7 > 25) goto M1;
  89   2              LCD_PrintChar(('A' + i + j*7), i*16, j*16, 16, 16, col);                        //TODO: auto detect size of font!!
             -!!!!!
  90   2            }
  91   2          }
  92   2      M1: 
  93   2          col.green = col.blue;
  94   2          col.blue = 0x00;
  95   2          for (i = 0; i < 10; i++){
  96   2              LCD_PrintChar(('0' + i), i*16, 100, 16, 16, col);     //TODO: auto detect size of font!!!!!!!
  97   2            }
  98   2          col = BLUE;
  99   2          
 100   2          LCD_Clear(col);
 101   2          */
 102   2          LCD_PrintChar(sec + 33, 16, 16, 16, 16, RED);
 103   2          
 104   2        }
 105   1      //--------------------
 106   1        
 107   1      }


MODULE INFORMATION:   STATIC OVERLAYABLE
   CODE SIZE        =    145    ----
   CONSTANT SIZE    =   ----    ----
   XDATA SIZE       =   ----    ----
   PDATA SIZE       =   ----    ----
   DATA SIZE        =     58    ----
C51 COMPILER V9.60.0.0   MAIN                                                              10/15/2021 15:57:15 PAGE 3   

   IDATA SIZE       =   ----    ----
   BIT SIZE         =   ----    ----
END OF MODULE INFORMATION.


C51 COMPILATION COMPLETE.  0 WARNING(S),  0 ERROR(S)
